16:54:34: Creating resource group General
16:54:34: Creating resource group Internal
16:54:34: Creating resource group Autodetect
16:54:34: SceneManagerFactory for type 'DefaultSceneManager' registered.
16:54:34: Registering ResourceManager for type Material
16:54:34: Registering ResourceManager for type Mesh
16:54:34: Registering ResourceManager for type Skeleton
16:54:34: MovableObjectFactory for type 'ParticleSystem' registered.
16:54:34: OverlayElementFactory for type Panel registered.
16:54:34: OverlayElementFactory for type BorderPanel registered.
16:54:34: OverlayElementFactory for type TextArea registered.
16:54:34: Registering ResourceManager for type Font
16:54:34: ArchiveFactory for archive type FileSystem registered.
16:54:34: ArchiveFactory for archive type Zip registered.
16:54:34: DDS codec registering
16:54:34: FreeImage version: 3.13.1
16:54:34: This program uses FreeImage, a free, open source image library supporting all common bitmap formats. See http://freeimage.sourceforge.net for details
16:54:34: Supported formats: bmp,ico,jpg,jif,jpeg,jpe,jng,koa,iff,lbm,mng,pbm,pbm,pcd,pcx,pgm,pgm,png,ppm,ppm,ras,tga,targa,tif,tiff,wap,wbmp,wbm,psd,cut,xbm,xpm,gif,hdr,g3,sgi,exr,j2k,j2c,jp2,pfm,pct,pict,pic,bay,bmq,cr2,crw,cs1,dc2,dcr,dng,erf,fff,hdr,k25,kdc,mdc,mos,mrw,nef,orf,pef,pxn,raf,raw,rdc,sr2,srf,arw,3fr,cine,ia,kc2,mef,nrw,qtk,rw2,sti,drf,dsc,ptx,cap,iiq,rwz
16:54:34: Registering ResourceManager for type HighLevelGpuProgram
16:54:34: Registering ResourceManager for type Compositor
16:54:34: MovableObjectFactory for type 'Entity' registered.
16:54:34: MovableObjectFactory for type 'Light' registered.
16:54:34: MovableObjectFactory for type 'BillboardSet' registered.
16:54:34: MovableObjectFactory for type 'ManualObject' registered.
16:54:34: MovableObjectFactory for type 'BillboardChain' registered.
16:54:34: MovableObjectFactory for type 'RibbonTrail' registered.
16:54:34: Loading library /usr/lib/OGRE/RenderSystem_GL.so
16:54:35: Installing plugin: GL RenderSystem
16:54:35: OpenGL Rendering Subsystem created.
16:54:36: Plugin successfully installed
16:54:36: Loading library /usr/lib/OGRE/Plugin_ParticleFX.so
16:54:36: Installing plugin: ParticleFX
16:54:36: Particle Emitter Type 'Point' registered
16:54:36: Particle Emitter Type 'Box' registered
16:54:36: Particle Emitter Type 'Ellipsoid' registered
16:54:36: Particle Emitter Type 'Cylinder' registered
16:54:36: Particle Emitter Type 'Ring' registered
16:54:36: Particle Emitter Type 'HollowEllipsoid' registered
16:54:36: Particle Affector Type 'LinearForce' registered
16:54:36: Particle Affector Type 'ColourFader' registered
16:54:36: Particle Affector Type 'ColourFader2' registered
16:54:36: Particle Affector Type 'ColourImage' registered
16:54:36: Particle Affector Type 'ColourInterpolator' registered
16:54:36: Particle Affector Type 'Scaler' registered
16:54:36: Particle Affector Type 'Rotator' registered
16:54:36: Particle Affector Type 'DirectionRandomiser' registered
16:54:36: Particle Affector Type 'DeflectorPlane' registered
16:54:36: Plugin successfully installed
16:54:36: Loading library /usr/lib/OGRE/Plugin_BSPSceneManager.so
16:54:36: Installing plugin: BSP Scene Manager
16:54:36: Plugin successfully installed
16:54:36: Loading library /usr/lib/OGRE/Plugin_OctreeSceneManager.so
16:54:36: Installing plugin: Octree & Terrain Scene Manager
16:54:36: Plugin successfully installed
16:54:36: Loading library /usr/lib/OGRE/Plugin_CgProgramManager.so
16:54:37: Installing plugin: Cg Program Manager
16:54:37: Plugin successfully installed
16:54:37: *-*-* OGRE Initialising
16:54:37: *-*-* Version 1.7.1 (Cthugha)
16:54:37: Added resource location '/usr/share/OGRE/media/models/' of type 'FileSystem' to resource group 'General'
16:54:37: Added resource location '/usr/share/OGRE/media/materials/' of type 'FileSystem' to resource group 'General'
16:54:37: Added resource location '/usr/share/OGRE/media/materials/programs' of type 'FileSystem' to resource group 'General'
16:54:37: Added resource location '/usr/share/OGRE/media/materials/textures' of type 'FileSystem' to resource group 'General'
16:54:37: Added resource location '/usr/share/OGRE/media/materials/scripts' of type 'FileSystem' to resource group 'General'
16:54:37: Added resource location '/usr/share/OGRE/media/fonts' of type 'FileSystem' to resource group 'General'
16:54:37: Added resource location '/usr/share/OGRE/media/models' of type 'FileSystem' to resource group 'General'
16:54:37: Added resource location '/usr/share/OGRE/media/overlays' of type 'FileSystem' to resource group 'General'
16:54:37: Added resource location '/usr/share/OGRE/media/particle' of type 'FileSystem' to resource group 'General'
16:54:37: Added resource location '/usr/share/OGRE/media/gui' of type 'FileSystem' to resource group 'General'
16:54:37: Added resource location '/usr/share/OGRE/media/packs/cubemap.zip' of type 'Zip' to resource group 'General'
16:54:37: Added resource location '/usr/share/OGRE/media/packs/cubemapsJS.zip' of type 'Zip' to resource group 'General'
16:54:37: Added resource location '/usr/share/OGRE/media/packs/dragon.zip' of type 'Zip' to resource group 'General'
16:54:37: Added resource location '/usr/share/OGRE/media/packs/fresneldemo.zip' of type 'Zip' to resource group 'General'
16:54:37: Added resource location '/usr/share/OGRE/media/packs/ogretestmap.zip' of type 'Zip' to resource group 'General'
16:54:37: Added resource location '/usr/share/OGRE/media/packs/skybox.zip' of type 'Zip' to resource group 'General'
16:54:37: Added resource location '/usr/share/OGRE/media/packs/SdkTrays.zip' of type 'Zip' to resource group 'General'
16:54:37: CPU Identifier & Features
16:54:37: -------------------------
16:54:37:  *   CPU ID: GenuineIntel: Intel(R) Core(TM)2 CPU         T5300  @ 1.73GHz
16:54:37:  *      SSE: yes
16:54:37:  *     SSE2: yes
16:54:37:  *     SSE3: yes
16:54:37:  *      MMX: yes
16:54:37:  *   MMXEXT: yes
16:54:37:  *    3DNOW: no
16:54:37:  * 3DNOWEXT: no
16:54:37:  *     CMOV: yes
16:54:37:  *      TSC: yes
16:54:37:  *      FPU: yes
16:54:37:  *      PRO: yes
16:54:37:  *       HT: no
16:54:37: -------------------------
16:54:37: ******************************
*** Starting GLX Subsystem ***
******************************
16:54:37: GLRenderSystem::_createRenderWindow "MinimalOgre Render Window", 800x600 windowed  miscParams: FSAA=0 displayFrequency=60 MHz gamma= vsync=No 
16:54:37: GLXWindow::create used FBConfigID = 103
16:54:37: GL_VERSION = 1.4 Mesa 7.10-devel
16:54:37: GL_VENDOR = Tungsten Graphics, Inc
16:54:37: GL_RENDERER = Mesa DRI Intel(R) 945GM GEM 20100330 DEVELOPMENT 
16:54:37: GL_EXTENSIONS = GL_ARB_copy_buffer GL_ARB_depth_texture GL_ARB_draw_buffers GL_ARB_draw_elements_base_vertex GL_ARB_explicit_attrib_location GL_ARB_fragment_program GL_ARB_fragment_shader GL_ARB_half_float_pixel GL_ARB_map_buffer_range GL_ARB_multisample GL_ARB_multitexture GL_ARB_pixel_buffer_object GL_ARB_point_parameters GL_ARB_point_sprite GL_ARB_provoking_vertex GL_ARB_shader_objects GL_ARB_shading_language_100 GL_ARB_shadow GL_ARB_sync GL_ARB_texture_border_clamp GL_ARB_texture_compression GL_ARB_texture_cube_map GL_ARB_texture_env_add GL_ARB_texture_env_combine GL_ARB_texture_env_crossbar GL_ARB_texture_env_dot3 GL_ARB_texture_mirrored_repeat GL_ARB_texture_non_power_of_two GL_ARB_texture_rectangle GL_ARB_transpose_matrix GL_ARB_vertex_array_object GL_ARB_vertex_buffer_object GL_ARB_vertex_program GL_ARB_vertex_shader GL_ARB_window_pos GL_EXT_abgr GL_EXT_bgra GL_EXT_blend_color GL_EXT_blend_equation_separate GL_EXT_blend_func_separate GL_EXT_blend_logic_op GL_EXT_blend_minmax GL_EXT_blend_subtract GL_EXT_compiled_vertex_array GL_EXT_copy_texture GL_EXT_draw_range_elements GL_EXT_framebuffer_blit GL_EXT_framebuffer_multisample GL_EXT_framebuffer_object GL_EXT_fog_coord GL_EXT_gpu_program_parameters GL_EXT_multi_draw_arrays GL_EXT_packed_depth_stencil GL_EXT_packed_pixels GL_EXT_pixel_buffer_object GL_EXT_point_parameters GL_EXT_polygon_offset GL_EXT_provoking_vertex GL_EXT_rescale_normal GL_EXT_secondary_color GL_EXT_separate_shader_objects GL_EXT_separate_specular_color GL_EXT_shadow_funcs GL_EXT_stencil_two_side GL_EXT_stencil_wrap GL_EXT_subtexture GL_EXT_texture GL_EXT_texture3D GL_EXT_texture_cube_map GL_EXT_texture_edge_clamp GL_EXT_texture_env_add GL_EXT_texture_env_combine GL_EXT_texture_env_dot3 GL_EXT_texture_filter_anisotropic GL_EXT_texture_lod_bias GL_EXT_texture_object GL_EXT_texture_rectangle GL_EXT_vertex_array GL_3DFX_texture_compression_FXT1 GL_APPLE_client_storage GL_APPLE_packed_pixels GL_APPLE_vertex_array_object GL_APPLE_object_purgeable GL_ATI_blend_equation_separate GL_ATI_texture_env_combine3 GL_ATI_separate_stencil GL_IBM_multimode_draw_arrays GL_IBM_rasterpos_clip GL_IBM_texture_mirrored_repeat GL_INGR_blend_func_separate GL_MESA_pack_invert GL_MESA_ycbcr_texture GL_MESA_window_pos GL_NV_blend_square GL_NV_light_max_exponent GL_NV_packed_depth_stencil GL_NV_texgen_reflection GL_NV_texture_env_combine4 GL_NV_texture_rectangle GL_NV_vertex_program GL_NV_vertex_program1_1 GL_OES_read_format GL_SGIS_generate_mipmap GL_SGIS_texture_border_clamp GL_SGIS_texture_edge_clamp GL_SGIS_texture_lod GL_SUN_multi_draw_arrays GL_OES_EGL_image
16:54:37: Supported GLX extensions: GLX_ARB_get_proc_address GLX_ARB_multisample GLX_EXT_import_context GLX_EXT_visual_info GLX_EXT_visual_rating GLX_MESA_copy_sub_buffer GLX_MESA_swap_control GLX_OML_swap_method GLX_OML_sync_control GLX_SGI_make_current_read GLX_SGI_swap_control GLX_SGI_video_sync GLX_SGIS_multisample GLX_SGIX_fbconfig GLX_SGIX_pbuffer GLX_SGIX_visual_select_group GLX_EXT_texture_from_pixmap GLX_INTEL_swap_event 
16:54:37: ***************************
16:54:37: *** GL Renderer Started ***
16:54:37: ***************************
16:54:37: Registering ResourceManager for type GpuProgram
16:54:37: GLSL support detected
16:54:37: GL: Using GL_EXT_framebuffer_object for rendering to textures (best)
16:54:37: FBO PF_UNKNOWN depth/stencil support: D0S1 D0S4 D0S8 D0S16 D16S0 D24S0 D32S0 Packed-D24S8 
16:54:37: FBO PF_R5G6B5 depth/stencil support: D0S0 D0S1 D0S4 D0S8 D0S16 D16S0 D24S0 D32S0 Packed-D24S8 
16:54:37: FBO PF_B5G6R5 depth/stencil support: D0S0 D0S1 D0S4 D0S8 D0S16 D16S0 D24S0 D32S0 Packed-D24S8 
16:54:37: FBO PF_A4R4G4B4 depth/stencil support: D0S0 D0S1 D0S4 D0S8 D0S16 D16S0 D24S0 D32S0 Packed-D24S8 
16:54:37: FBO PF_A1R5G5B5 depth/stencil support: D0S0 D0S1 D0S4 D0S8 D0S16 D16S0 D24S0 D32S0 Packed-D24S8 
16:54:37: FBO PF_R8G8B8 depth/stencil support: D0S0 D0S1 D0S4 D0S8 D0S16 D16S0 D24S0 D32S0 Packed-D24S8 
16:54:37: FBO PF_B8G8R8 depth/stencil support: D0S0 D0S1 D0S4 D0S8 D0S16 D16S0 D24S0 D32S0 Packed-D24S8 
16:54:37: FBO PF_A8R8G8B8 depth/stencil support: D0S0 D0S1 D0S4 D0S8 D0S16 D16S0 D24S0 D32S0 Packed-D24S8 
16:54:37: FBO PF_B8G8R8A8 depth/stencil support: D0S0 D0S1 D0S4 D0S8 D0S16 D16S0 D24S0 D32S0 Packed-D24S8 
16:54:37: FBO PF_A2R10G10B10 depth/stencil support: D0S0 D0S1 D0S4 D0S8 D0S16 D16S0 D24S0 D32S0 Packed-D24S8 
16:54:37: FBO PF_A2B10G10R10 depth/stencil support: D0S0 D0S1 D0S4 D0S8 D0S16 D16S0 D24S0 D32S0 Packed-D24S8 
16:54:37: FBO PF_X8R8G8B8 depth/stencil support: D0S0 D0S1 D0S4 D0S8 D0S16 D16S0 D24S0 D32S0 Packed-D24S8 
16:54:37: FBO PF_X8B8G8R8 depth/stencil support: D0S0 D0S1 D0S4 D0S8 D0S16 D16S0 D24S0 D32S0 Packed-D24S8 
16:54:37: FBO PF_SHORT_RGBA depth/stencil support: D0S0 D0S1 D0S4 D0S8 D0S16 D16S0 D24S0 D32S0 Packed-D24S8 
16:54:37: FBO PF_R3G3B2 depth/stencil support: D0S0 D0S1 D0S4 D0S8 D0S16 D16S0 D24S0 D32S0 Packed-D24S8 
16:54:37: FBO PF_SHORT_RGB depth/stencil support: D0S0 D0S1 D0S4 D0S8 D0S16 D16S0 D24S0 D32S0 Packed-D24S8 
16:54:37: [GL] : Valid FBO targets PF_UNKNOWN PF_R5G6B5 PF_B5G6R5 PF_A4R4G4B4 PF_A1R5G5B5 PF_R8G8B8 PF_B8G8R8 PF_A8R8G8B8 PF_B8G8R8A8 PF_A2R10G10B10 PF_A2B10G10R10 PF_X8R8G8B8 PF_X8B8G8R8 PF_SHORT_RGBA PF_R3G3B2 PF_SHORT_RGB 
16:54:37: RenderSystem capabilities
16:54:37: -------------------------
16:54:37: RenderSystem Name: OpenGL Rendering Subsystem
16:54:37: GPU Vendor: unknown
16:54:37: Device Name: Mesa DRI Intel(R) 945GM GEM 20100330 DEVELOPMENT 
16:54:37: Driver Version: 1.4.0.0
16:54:37:  * Fixed function pipeline: yes
16:54:37:  * Hardware generation of mipmaps: yes
16:54:37:  * Texture blending: yes
16:54:37:  * Anisotropic texture filtering: yes
16:54:37:  * Dot product texture operation: yes
16:54:37:  * Cube mapping: yes
16:54:37:  * Hardware stencil buffer: yes
16:54:37:    - Stencil depth: 8
16:54:37:    - Two sided stencil support: yes
16:54:37:    - Wrap stencil values: yes
16:54:37:  * Hardware vertex / index buffers: yes
16:54:37:  * Vertex programs: yes
16:54:37:  * Number of floating-point constants for vertex programs: 1024
16:54:37:  * Number of integer constants for vertex programs: 0
16:54:37:  * Number of boolean constants for vertex programs: 0
16:54:37:  * Fragment programs: yes
16:54:37:  * Number of floating-point constants for fragment programs: 1024
16:54:37:  * Number of integer constants for fragment programs: 0
16:54:37:  * Number of boolean constants for fragment programs: 0
16:54:37:  * Geometry programs: no
16:54:37:  * Number of floating-point constants for geometry programs: 0
16:54:37:  * Number of integer constants for geometry programs: 0
16:54:37:  * Number of boolean constants for geometry programs: 0
16:54:37:  * Supported Shader Profiles: arbfp1 arbvp1 glsl
16:54:37:  * Texture Compression: yes
16:54:37:    - DXT: no
16:54:37:    - VTC: no
16:54:37:    - PVRTC: no
16:54:37:  * Scissor Rectangle: yes
16:54:37:  * Hardware Occlusion Query: no
16:54:37:  * User clip planes: yes
16:54:37:  * VET_UBYTE4 vertex element type: yes
16:54:37:  * Infinite far plane projection: yes
16:54:37:  * Hardware render-to-texture: yes
16:54:37:  * Floating point textures: no
16:54:37:  * Non-power-of-two textures: yes
16:54:37:  * Volume textures: yes
16:54:37:  * Multiple Render Targets: 1
16:54:37:    - With different bit depths: yes
16:54:37:  * Point Sprites: yes
16:54:37:  * Extended point parameters: yes
16:54:37:  * Max Point Size: 255
16:54:37:  * Vertex texture fetch: yes
16:54:37:  * Number of world matrices: 0
16:54:37:  * Number of texture units: 8
16:54:37:  * Stencil buffer depth: 8
16:54:37:  * Number of vertex blend matrices: 0
16:54:37:    - Max vertex textures: 16
16:54:37:    - Vertex textures shared: yes
16:54:37:  * Render to Vertex Buffer : no
16:54:37:  * GL 1.5 without VBO workaround: no
16:54:37:  * Frame Buffer objects: yes
16:54:37:  * Frame Buffer objects (ARB extension): yes
16:54:37:  * Frame Buffer objects (ATI extension): no
16:54:37:  * PBuffer support: no
16:54:37:  * GL 1.5 without HW-occlusion workaround: no
16:54:37: Registering ResourceManager for type Texture
16:54:37: DefaultWorkQueue('Root') initialising on thread main.
16:54:37: Particle Renderer Type 'billboard' registered
16:54:37: SceneManagerFactory for type 'BspSceneManager' registered.
16:54:37: Registering ResourceManager for type BspLevel
16:54:37: SceneManagerFactory for type 'OctreeSceneManager' registered.
16:54:37: SceneManagerFactory for type 'TerrainSceneManager' registered.
16:54:37: Parsing scripts for resource group Autodetect
16:54:37: Finished parsing scripts for resource group Autodetect
16:54:37: Parsing scripts for resource group General
16:54:37: Parsing script Examples.program
16:54:37: GLSL compiled : Ogre/BasicVertexPrograms/AmbientOneTextureGLSL
16:54:37: GLSL compiled : Ogre/HardwareSkinningTwoWeightsGLSL
16:54:37: OGRE EXCEPTION(2:InvalidParametersException): Parameter called ambient does not exist.  in GpuProgramParameters::_findNamedConstantDefinition at /var/tmp/portage/dev-games/ogre-1.7.1/work/ogre_src_v1-7-1/OgreMain/src/OgreGpuProgramParams.cpp (line 1433)
16:54:37: Compiler error: invalid parameters in Examples.program(130): setting of constant failed
16:54:37: Parsing script StdQuad_vp.program
16:54:37: Parsing script NightVision.material
16:54:37: Parsing script Ogre.material
16:54:37: Parsing script IsoSurf.material
16:54:37: Parsing script Halftone.material
16:54:37: Parsing script ASCII.material
16:54:37: Parsing script sibenik.material
16:54:37: Parsing script MotionBlur.material
16:54:37: Parsing script Glass.material
16:54:37: Parsing script OldTV.material
16:54:37: Parsing script Ocean.material
16:54:37: GLSL compiled : GLSL/OceanVS
16:54:37: GLSL compiled : GLSL/OceanFS
16:54:37: GLSL compiled : GLSL/Ocean2VS
16:54:37: GLSL compiled : GLSL/Ocean2FS
16:54:37: Parsing script SharpenEdges.material
16:54:37: Parsing script Penguin.material
16:54:37: Parsing script facial.material
16:54:37: Parsing script Invert.material
16:54:38: Parsing script RadialBlur.material
16:54:38: Parsing script Example-Water.material
16:54:38: Parsing script smoke.material
16:54:38: Parsing script CGSwizzle.material
16:54:38: Parsing script pssm.material
16:54:38: Parsing script ASMSwizzle.material
16:54:38: Compiler error: object unsupported by render system in ASMSwizzle.material(1)
16:54:38: Parsing script OldMovie.material
16:54:38: Parsing script MRTtest.material
16:54:38: Cannot compile GLSL high-level shader : Ogre/MRTtest/scenefp/GLSL 0:12(15): error: array index must be < 1
0:12(15): error: type mismatch
0:15(15): error: array index must be < 1
0:15(15): error: type mismatch
0:18(15): error: array index must be < 1
0:18(15): error: type mismatch

16:54:38: OGRE EXCEPTION(7:InternalErrorException): Cannot compile GLSL high-level shader : Ogre/MRTtest/scenefp/GLSL Cannot compile GLSL high-level shader : Ogre/MRTtest/scenefp/GLSL 0:12(15): error: array index must be < 1
0:12(15): error: type mismatch
0:15(15): error: array index must be < 1
0:15(15): error: type mismatch
0:18(15): error: array index must be < 1
0:18(15): error: type mismatch
 in GLSLProgram::compile at /var/tmp/portage/dev-games/ogre-1.7.1/work/ogre_src_v1-7-1/RenderSystems/GL/src/GLSL/src/OgreGLSLExtSupport.cpp (line 65)
16:54:38: High-level program Ogre/MRTtest/scenefp/GLSL encountered an error during loading and is thus not supported.
OGRE EXCEPTION(7:InternalErrorException): Cannot compile GLSL high-level shader : Ogre/MRTtest/scenefp/GLSL Cannot compile GLSL high-level shader : Ogre/MRTtest/scenefp/GLSL 0:12(15): error: array index must be < 1
0:12(15): error: type mismatch
0:15(15): error: array index must be < 1
0:15(15): error: type mismatch
0:18(15): error: array index must be < 1
0:18(15): error: type mismatch
 in GLSLProgram::compile at /var/tmp/portage/dev-games/ogre-1.7.1/work/ogre_src_v1-7-1/RenderSystems/GL/src/GLSL/src/OgreGLSLExtSupport.cpp (line 65)
16:54:38: GLSL compiled : Ogre/MRTtest/quadfp/GLSL
16:54:38: GLSL compiled : Ogre/Compositor/StdQuad_GLSL_vp
16:54:38: Parsing script instancing.material
16:54:38: GLSL compiled : InstancingGLSL
16:54:38: GLSL compiled : InstancingShadowCasterGLSL
16:54:38: GLSL compiled : CrowdGLSL
16:54:38: GLSL compiled : CrowdShadowCasterGLSL
16:54:38: Parsing script ShaderSystem.material
16:54:38: Parsing script GLSLSwizzle.material
16:54:38: OGRE EXCEPTION(7:InternalErrorException): Cannot compile GLSL high-level shader : Ogre/GPTest/Swizzle_GP_GLSL invalid valueCannot compile GLSL high-level shader : Ogre/GPTest/Swizzle_GP_GLSL invalid value in GLSLProgram::compile at /var/tmp/portage/dev-games/ogre-1.7.1/work/ogre_src_v1-7-1/RenderSystems/GL/src/GLSL/src/OgreGLSLExtSupport.cpp (line 65)
16:54:38: High-level program Ogre/GPTest/Swizzle_GP_GLSL encountered an error during loading and is thus not supported.
OGRE EXCEPTION(7:InternalErrorException): Cannot compile GLSL high-level shader : Ogre/GPTest/Swizzle_GP_GLSL invalid valueCannot compile GLSL high-level shader : Ogre/GPTest/Swizzle_GP_GLSL invalid value in GLSLProgram::compile at /var/tmp/portage/dev-games/ogre-1.7.1/work/ogre_src_v1-7-1/RenderSystems/GL/src/GLSL/src/OgreGLSLExtSupport.cpp (line 65)
16:54:38: OGRE EXCEPTION(2:InvalidParametersException): Named constants have not been initialised, perhaps a compile error. in GpuProgramParameters::_findNamedConstantDefinition at /var/tmp/portage/dev-games/ogre-1.7.1/work/ogre_src_v1-7-1/OgreMain/src/OgreGpuProgramParams.cpp (line 1423)
16:54:38: Compiler error: invalid parameters in GLSLSwizzle.material(15): setting of constant failed
16:54:38: OGRE EXCEPTION(2:InvalidParametersException): Named constants have not been initialised, perhaps a compile error. in GpuProgramParameters::_findNamedConstantDefinition at /var/tmp/portage/dev-games/ogre-1.7.1/work/ogre_src_v1-7-1/OgreMain/src/OgreGpuProgramParams.cpp (line 1423)
16:54:38: Compiler error: invalid parameters in GLSLSwizzle.material(16): setting of constant failed
16:54:38: GLSL compiled : Ogre/GPTest/Passthrough_VP_GLSL
16:54:38: Parsing script DepthShadowmap.material
16:54:38: GLSL compiled : Ogre/DepthShadowmap/CasterVP_GLSL
16:54:38: GLSL compiled : Ogre/DepthShadowmap/CasterFP_GLSL
16:54:38: GLSL compiled : Ogre/DepthShadowmap/ReceiverVP_GLSL
16:54:38: GLSL compiled : Ogre/DepthShadowmap/ReceiverFP_GLSL
16:54:38: GLSL compiled : Ogre/DepthShadowmap/ReceiverFPPCF_GLSL
16:54:38: GLSL compiled : Ogre/DepthShadowmap/NormalMapReceiverVP_GLSL
16:54:38: GLSL compiled : Ogre/DepthShadowmap/NormalMapReceiverFP_GLSL
16:54:38: GLSL compiled : Ogre/DepthShadowmap/NormalMapReceiverFPPCF_GLSL
16:54:38: Parsing script Examples.material
16:54:38: OGRE EXCEPTION(2:InvalidParametersException): Parameter called camObjPos does not exist.  in GpuProgramParameters::_findNamedConstantDefinition at /var/tmp/portage/dev-games/ogre-1.7.1/work/ogre_src_v1-7-1/OgreMain/src/OgreGpuProgramParams.cpp (line 1433)
16:54:38: Compiler error: invalid parameters in Examples.material(837): setting of constant failed
16:54:38: GLSL compiled : Ogre/HardwareSkinningTwoWeightsShadowCasterGLSL
16:54:38: Parsing script OffsetMapping.material
16:54:38: Compiler error: object unsupported by render system in OffsetMapping.material(18)
16:54:38: GLSL compiled : Examples/OffsetMappingIntegratedShadowsFPglsl
16:54:38: GLSL compiled : Examples/OffsetMappingIntegratedShadowsVPglsl
16:54:38: Parsing script hdr.material
16:54:38: GLSL compiled : Ogre/Compositor/HDR/downscale2x2LuminenceGLSL_fp
16:54:38: GLSL compiled : Ogre/Compositor/HDR/downscale3x3GLSL_fp
16:54:38: GLSL compiled : Ogre/Compositor/HDR/utils_fp
16:54:38: GLSL compiled : Ogre/Compositor/HDR/downscale3x3brightpassGLSL_fp
16:54:38: GLSL compiled : Ogre/Compositor/HDR/bloomGLSL_fp
16:54:38: GLSL compiled : Ogre/Compositor/HDR/utils_fp
16:54:38: GLSL compiled : Ogre/Compositor/HDR/finaltonemappingGLSL_fp
16:54:38: Parsing script Dither.material
16:54:38: Parsing script shadows.material
16:54:38: Parsing script Bloom.material
16:54:38: GLSL compiled : Blur_ps_glsl
16:54:38: GLSL compiled : Blur0_vs_glsl
16:54:38: GLSL compiled : Blur1_vs_glsl
16:54:38: Parsing script VarianceShadowmap.material
16:54:38: Parsing script Examples-DynTex.material
16:54:38: Parsing script Tiling.material
16:54:38: Parsing script Embossed.material
16:54:38: Parsing script ParticleGS.material
16:54:38: Parsing script CompositorDemo.material
16:54:38: Parsing script Bloom2.material
16:54:38: GLSL compiled : Bloom2_ps20_glsl
16:54:38: Parsing script HeatVision.material
16:54:38: Parsing script RZR-002.material
16:54:38: Parsing script Hurt.material
16:54:38: Parsing script Laplace.material
16:54:38: Parsing script Examples-Water.material
16:54:38: Parsing script Posterize.material
16:54:38: Parsing script BlackAndWhite.material
16:54:38: Parsing script DOF.material
16:54:38: Parsing script Examples-Advanced.material
16:54:39: Compiler error: object unsupported by render system in Examples-Advanced.material(383)
16:54:39: Parsing script RomanBath.material
16:54:39: Parsing script SdkTrays.material
16:54:39: Parsing script Examples-Water.particle
16:54:39: Parsing script smoke.particle
16:54:39: Parsing script Examples.particle
16:54:39: Parsing script emitted_emitter.particle
16:54:39: Parsing script Examples.compositor
16:54:39: Parsing script sample.fontdef
16:54:39: Parsing script SdkTrays.fontdef
16:54:39: Parsing script SdkTrays.overlay
16:54:39: Bad element attribute line: '# you can offset the image to change the cursor "hotspot"' for element SdkTrays/Cursor in overlay 
16:54:39: Texture: sdk_cursor.png: Loading 1 faces(PF_A8R8G8B8,32x32x1) with 5 hardware generated mipmaps from Image. Internal format is PF_A8R8G8B8,32x32x1.
16:54:39: Texture: sdk_tray.png: Loading 1 faces(PF_A8R8G8B8,64x64x1) with 5 hardware generated mipmaps from Image. Internal format is PF_A8R8G8B8,64x64x1.
16:54:39: Texture: sdk_button_up.png: Loading 1 faces(PF_A8R8G8B8,128x32x1) with 5 hardware generated mipmaps from Image. Internal format is PF_A8R8G8B8,128x32x1.
16:54:39: Texture: sdk_text_box.png: Loading 1 faces(PF_A8R8G8B8,32x32x1) with 5 hardware generated mipmaps from Image. Internal format is PF_A8R8G8B8,32x32x1.
16:54:39: Texture: sdk_mini_tray.png: Loading 1 faces(PF_A8R8G8B8,32x32x1) with 5 hardware generated mipmaps from Image. Internal format is PF_A8R8G8B8,32x32x1.
16:54:39: Texture: sdk_track.png: Loading 1 faces(PF_A8R8G8B8,16x32x1) with 5 hardware generated mipmaps from Image. Internal format is PF_A8R8G8B8,16x32x1.
16:54:39: Texture: sdk_handle.png: Loading 1 faces(PF_A8R8G8B8,16x16x1) with 4 hardware generated mipmaps from Image. Internal format is PF_A8R8G8B8,16x16x1.
16:54:39: Texture: sdk_mini_text_box.png: Loading 1 faces(PF_A8R8G8B8,32x32x1) with 5 hardware generated mipmaps from Image. Internal format is PF_A8R8G8B8,32x32x1.
16:54:39: Texture: sdk_label.png: Loading 1 faces(PF_A8R8G8B8,32x32x1) with 5 hardware generated mipmaps from Image. Internal format is PF_A8R8G8B8,32x32x1.
16:54:39: Texture: sdk_separator.png: Loading 1 faces(PF_A8R8G8B8,64x16x1) with 5 hardware generated mipmaps from Image. Internal format is PF_A8R8G8B8,64x16x1.
16:54:39: Texture: sdk_logo.png: Loading 1 faces(PF_A8R8G8B8,128x64x1) with 5 hardware generated mipmaps from Image. Internal format is PF_A8R8G8B8,128x64x1.
16:54:39: Texture: sdk_shade.png: Loading 1 faces(PF_A8R8G8B8,64x48x1) with 5 hardware generated mipmaps from Image. Internal format is PF_A8R8G8B8,64x48x1.
16:54:39: Texture: sdk_frame.png: Loading 1 faces(PF_A8R8G8B8,32x32x1) with 5 hardware generated mipmaps from Image. Internal format is PF_A8R8G8B8,32x32x1.
16:54:39: Texture: sdk_mini_text_box_over.png: Loading 1 faces(PF_A8R8G8B8,32x32x1) with 5 hardware generated mipmaps from Image. Internal format is PF_A8R8G8B8,32x32x1.
16:54:39: Texture: sdk_pulse.png: Loading 1 faces(PF_R8G8B8,8x1x1) with 3 hardware generated mipmaps from Image. Internal format is PF_X8R8G8B8,8x1x1.
16:54:39: Finished parsing scripts for resource group General
16:54:39: Parsing scripts for resource group Internal
16:54:39: Finished parsing scripts for resource group Internal
16:54:39: Mesh: Loading ogrehead.mesh.
16:54:39: Texture: GreenSkin.jpg: Loading 1 faces(PF_R8G8B8,256x256x1) with 5 hardware generated mipmaps from Image. Internal format is PF_X8R8G8B8,256x256x1.
16:54:39: Texture: spheremap.png: Loading 1 faces(PF_R8G8B8,256x256x1) with 5 hardware generated mipmaps from Image. Internal format is PF_X8R8G8B8,256x256x1.
16:54:39: Texture: tusk.jpg: Loading 1 faces(PF_R8G8B8,96x96x1) with 5 hardware generated mipmaps from Image. Internal format is PF_X8R8G8B8,96x96x1.
16:54:39: *** Initializing OIS ***
16:54:39: Font SdkTrays/Captionusing texture size 512x256
16:54:39: Info: Freetype returned null for character 160 in font SdkTrays/Caption
16:54:39: Texture: SdkTrays/CaptionTexture: Loading 1 faces(PF_BYTE_LA,512x256x1) with  hardware generated mipmaps from Image. Internal format is PF_BYTE_LA,512x256x1.
16:54:39: Font SdkTrays/Valueusing texture size 512x256
16:54:39: Info: Freetype returned null for character 127 in font SdkTrays/Value
16:54:39: Info: Freetype returned null for character 128 in font SdkTrays/Value
16:54:39: Info: Freetype returned null for character 129 in font SdkTrays/Value
16:54:39: Info: Freetype returned null for character 130 in font SdkTrays/Value
16:54:39: Info: Freetype returned null for character 131 in font SdkTrays/Value
16:54:39: Info: Freetype returned null for character 132 in font SdkTrays/Value
16:54:39: Info: Freetype returned null for character 133 in font SdkTrays/Value
16:54:39: Info: Freetype returned null for character 134 in font SdkTrays/Value
16:54:39: Info: Freetype returned null for character 135 in font SdkTrays/Value
16:54:39: Info: Freetype returned null for character 136 in font SdkTrays/Value
16:54:39: Info: Freetype returned null for character 137 in font SdkTrays/Value
16:54:39: Info: Freetype returned null for character 138 in font SdkTrays/Value
16:54:39: Info: Freetype returned null for character 139 in font SdkTrays/Value
16:54:39: Info: Freetype returned null for character 140 in font SdkTrays/Value
16:54:39: Info: Freetype returned null for character 141 in font SdkTrays/Value
16:54:39: Info: Freetype returned null for character 142 in font SdkTrays/Value
16:54:39: Info: Freetype returned null for character 143 in font SdkTrays/Value
16:54:39: Info: Freetype returned null for character 144 in font SdkTrays/Value
16:54:39: Info: Freetype returned null for character 145 in font SdkTrays/Value
16:54:39: Info: Freetype returned null for character 146 in font SdkTrays/Value
16:54:39: Info: Freetype returned null for character 147 in font SdkTrays/Value
16:54:39: Info: Freetype returned null for character 148 in font SdkTrays/Value
16:54:39: Info: Freetype returned null for character 149 in font SdkTrays/Value
16:54:39: Info: Freetype returned null for character 150 in font SdkTrays/Value
16:54:39: Info: Freetype returned null for character 151 in font SdkTrays/Value
16:54:39: Info: Freetype returned null for character 152 in font SdkTrays/Value
16:54:39: Info: Freetype returned null for character 153 in font SdkTrays/Value
16:54:39: Info: Freetype returned null for character 154 in font SdkTrays/Value
16:54:39: Info: Freetype returned null for character 155 in font SdkTrays/Value
16:54:39: Info: Freetype returned null for character 156 in font SdkTrays/Value
16:54:39: Info: Freetype returned null for character 157 in font SdkTrays/Value
16:54:39: Info: Freetype returned null for character 158 in font SdkTrays/Value
16:54:39: Info: Freetype returned null for character 159 in font SdkTrays/Value
16:54:39: Info: Freetype returned null for character 160 in font SdkTrays/Value
16:54:39: Texture: SdkTrays/ValueTexture: Loading 1 faces(PF_BYTE_LA,512x256x1) with  hardware generated mipmaps from Image. Internal format is PF_BYTE_LA,512x256x1.
16:55:05: DefaultWorkQueue('Root') shutting down on thread main.
16:55:05: Unregistering ResourceManager for type BspLevel
16:55:05: *-*-* OGRE Shutdown
16:55:05: Unregistering ResourceManager for type Compositor
16:55:05: Unregistering ResourceManager for type Font
16:55:05: Unregistering ResourceManager for type Skeleton
16:55:05: Unregistering ResourceManager for type Mesh
16:55:05: Unregistering ResourceManager for type HighLevelGpuProgram
16:55:05: Uninstalling plugin: Cg Program Manager
16:55:05: Plugin successfully uninstalled
16:55:05: Unloading library /usr/lib/OGRE/Plugin_CgProgramManager.so
16:55:05: Uninstalling plugin: Octree & Terrain Scene Manager
16:55:05: Plugin successfully uninstalled
16:55:05: Unloading library /usr/lib/OGRE/Plugin_OctreeSceneManager.so
16:55:05: Uninstalling plugin: BSP Scene Manager
16:55:05: Plugin successfully uninstalled
16:55:05: Unloading library /usr/lib/OGRE/Plugin_BSPSceneManager.so
16:55:05: Uninstalling plugin: ParticleFX
16:55:05: Plugin successfully uninstalled
16:55:05: Unloading library /usr/lib/OGRE/Plugin_ParticleFX.so
16:55:05: Uninstalling plugin: GL RenderSystem
16:55:05: Unregistering ResourceManager for type GpuProgram
16:55:05: ******************************
*** Stopping GLX Subsystem ***
******************************
16:55:05: Unregistering ResourceManager for type Texture
16:55:05: Plugin successfully uninstalled
16:55:05: Unloading library /usr/lib/OGRE/RenderSystem_GL.so
16:55:05: Unregistering ResourceManager for type Material
